<?xml version="1.0" encoding="UTF-8"?>
<!-- Generated by org.testng.reporters.JUnitReportReporter -->
<testsuite hostname="DESKTOP-2NE1N72" failures="0" tests="2" name="testNG.AddingPrePostConfigurationAnnotations" time="0.012" errors="0" timestamp="2023-11-11T09:31:26 IST" skipped="0">
  <testcase classname="testNG.AddingPrePostConfigurationAnnotations" name="test1" time="0.004"/>
  <system-out/>
  <testcase classname="testNG.AddingPrePostConfigurationAnnotations" name="test" time="0.008"/>
  <system-out/>
</testsuite> <!-- testNG.AddingPrePostConfigurationAnnotations -->
