<?xml version="1.0" encoding="UTF-8"?>
<!-- Generated by org.testng.reporters.JUnitReportReporter -->
<testsuite hostname="DESKTOP-2NE1N72" failures="0" tests="1" name="testNGPracticeCross.DemoForParameter" time="0.012" errors="0" timestamp="2023-11-10T11:04:32 IST" skipped="0">
  <testcase classname="testNGPracticeCross.DemoForParameter" name="demo" time="0.012"/>
  <system-out/>
</testsuite> <!-- testNGPracticeCross.DemoForParameter -->
