<?xml version="1.0" encoding="UTF-8"?>
<!-- Generated by org.testng.reporters.JUnitReportReporter -->
<testsuite hostname="DESKTOP-2NE1N72" failures="0" tests="2" name="testNGPracticeCross.CrossBrowserExecution" time="0.013" errors="0" timestamp="2023-11-10T10:58:47 IST" skipped="0">
  <testcase classname="testNGPracticeCross.CrossBrowserExecution" name="cbt" time="0.009"/>
  <system-out/>
  <testcase classname="testNGPracticeCross.CrossBrowserExecution" name="cbt" time="0.004"/>
  <system-out/>
</testsuite> <!-- testNGPracticeCross.CrossBrowserExecution -->
