<?xml version="1.0" encoding="UTF-8"?>
<!-- Generated by org.testng.reporters.JUnitReportReporter -->
<testsuite hostname="DESKTOP-2NE1N72" failures="0" tests="1" name="testNG.GeneratingReports" time="14.584" errors="0" timestamp="2023-11-11T10:21:30 IST" skipped="0">
  <testcase classname="testNG.GeneratingReports" name="testCase" time="14.584"/>
  <system-out>
    <![CDATA[browser is launched
window is maximized
navigated to application
browser is closed]]>
  </system-out>
</testsuite> <!-- testNG.GeneratingReports -->
