<?xml version="1.0" encoding="UTF-8"?>
<!-- Generated by org.testng.reporters.JUnitReportReporter -->
<testsuite hostname="DESKTOP-2NE1N72" failures="0" tests="5" name="testNG.InvocationCount" time="0.016" errors="0" timestamp="2023-11-09T09:21:06 IST" skipped="0">
  <testcase classname="testNG.InvocationCount" name="login" time="0.002"/>
  <system-out/>
  <testcase classname="testNG.InvocationCount" name="login" time="0.009"/>
  <system-out/>
  <testcase classname="testNG.InvocationCount" name="login" time="0.001"/>
  <system-out/>
  <testcase classname="testNG.InvocationCount" name="login" time="0.002"/>
  <system-out/>
  <testcase classname="testNG.InvocationCount" name="login" time="0.002"/>
  <system-out/>
</testsuite> <!-- testNG.InvocationCount -->
