<?xml version="1.0" encoding="UTF-8"?>
<!-- Generated by org.testng.reporters.JUnitReportReporter -->
<testsuite hostname="DESKTOP-2NE1N72" failures="0" tests="3" name="testNG.Prioritized" time="0.013" errors="0" timestamp="2023-11-09T09:43:34 IST" skipped="1">
  <testcase classname="testNG.Prioritized" name="login" time="0.011"/>
  <system-out/>
  <testcase classname="testNG.Prioritized" name="home" time="0.002"/>
  <system-out/>
  <testcase classname="testNG.Prioritized" name="logout">
    <skipped/>
  </testcase> <!-- logout -->
  <system-out/>
</testsuite> <!-- testNG.Prioritized -->
