<?xml version="1.0" encoding="UTF-8"?>
<!-- Generated by org.testng.reporters.JUnitReportReporter -->
<testsuite hostname="DESKTOP-2NE1N72" failures="0" tests="1" name="groupExecution.Tc_2" time="6.985" errors="0" timestamp="2023-11-10T10:59:11 IST" skipped="0">
  <testcase classname="groupExecution.Tc_2" name="navigatingToAmazon" time="6.985"/>
  <system-out/>
</testsuite> <!-- groupExecution.Tc_2 -->
