<?xml version="1.0" encoding="UTF-8"?>
<!-- Generated by org.testng.reporters.JUnitReportReporter -->
<testsuite hostname="DESKTOP-2NE1N72" failures="0" tests="3" name="testNG.DemonstrationForPriority" time="0.019" errors="0" timestamp="2023-11-08T14:21:54 IST" skipped="0">
  <testcase classname="testNG.DemonstrationForPriority" name="login" time="0.004"/>
  <system-out/>
  <testcase classname="testNG.DemonstrationForPriority" name="home" time="0.012"/>
  <system-out/>
  <testcase classname="testNG.DemonstrationForPriority" name="logout" time="0.003"/>
  <system-out/>
</testsuite> <!-- testNG.DemonstrationForPriority -->
