<?xml version="1.0" encoding="UTF-8"?>
<!-- Generated by org.testng.reporters.JUnitReportReporter -->
<testsuite hostname="DESKTOP-2NE1N72" failures="0" tests="3" name="testNG.DemonstrationPriority" time="0.016" errors="0" timestamp="2023-11-09T09:16:17 IST" skipped="0">
  <testcase classname="testNG.DemonstrationPriority" name="logout" time="0.010"/>
  <system-out/>
  <testcase classname="testNG.DemonstrationPriority" name="home" time="0.002"/>
  <system-out/>
  <testcase classname="testNG.DemonstrationPriority" name="login" time="0.004"/>
  <system-out/>
</testsuite> <!-- testNG.DemonstrationPriority -->
