<?xml version="1.0" encoding="UTF-8"?>
<!-- Generated by org.testng.reporters.JUnitReportReporter -->
<testsuite hostname="DESKTOP-2NE1N72" failures="0" tests="1" name="groupExecution.Tc_3" time="8.332" errors="0" timestamp="2023-11-10T10:59:11 IST" skipped="0">
  <testcase classname="groupExecution.Tc_3" name="navigatingToAmazon" time="8.332"/>
  <system-out/>
</testsuite> <!-- groupExecution.Tc_3 -->
